[[[ErrorJsonResultException]]]
[2019/09/26 10:41:13.8538]
[线程：9]
	ErrorJsonResultException
	AccessTokenOrAppId：null
	URL：https://api.weixin.qq.com/sns/jscode2session?appid=wxe32263538f30b739&secret=62fcb107099961689bab8b00fc6429f9&js_code=&grant_type=authorization_code
	errcode：缺少oauth_code
	errmsg：missing code, hints: [ req_id: UEMeSLXIRa-.ZYpLA ]

[[[ErrorJsonResultException]]]
[2019/09/26 10:42:09.6511]
[线程：6]
	ErrorJsonResultException
	AccessTokenOrAppId：null
	URL：https://api.weixin.qq.com/sns/jscode2session?appid=wxe32263538f30b739&secret=62fcb107099961689bab8b00fc6429f9&js_code=&grant_type=authorization_code
	errcode：缺少oauth_code
	errmsg：missing code, hints: [ req_id: vEMeQ0yFe-avJ4LA ]

[[[ErrorJsonResultException]]]
[2019/09/26 10:45:40.2993]
[线程：11]
	ErrorJsonResultException
	AccessTokenOrAppId：null
	URL：https://api.weixin.qq.com/sns/jscode2session?appid=wxe32263538f30b739&secret=62fcb107099961689bab8b00fc6429f9&js_code=&grant_type=authorization_code
	errcode：缺少oauth_code
	errmsg：missing code, hints: [ req_id: xEMem6yFe-D7m8kA ]

[[[ErrorJsonResultException]]]
[2019/09/26 10:49:48.4712]
[线程：29]
	ErrorJsonResultException
	AccessTokenOrAppId：null
	URL：https://api.weixin.qq.com/sns/jscode2session?appid=wxe32263538f30b739&secret=62fcb107099961689bab8b00fc6429f9&js_code=&grant_type=authorization_code
	errcode：缺少oauth_code
	errmsg：missing code, hints: [ req_id: zEMeT8yFe-I1XINa ]

[[[ErrorJsonResultException]]]
[2019/09/26 10:58:56.3769]
[线程：12]
	ErrorJsonResultException
	AccessTokenOrAppId：null
	URL：https://api.weixin.qq.com/sns/jscode2session?appid=wxe32263538f30b739&secret=62fcb107099961689bab8b00fc6429f9&js_code=&grant_type=authorization_code
	errcode：缺少oauth_code
	errmsg：missing code, hints: [ req_id: .fMeQ0yFe-42M3fa ]

[[[ErrorJsonResultException]]]
[2019/09/26 11:01:34.9287]
[线程：17]
	ErrorJsonResultException
	AccessTokenOrAppId：null
	URL：https://api.weixin.qq.com/sns/jscode2session?appid=wxe32263538f30b739&secret=62fcb107099961689bab8b00fc6429f9&js_code=&grant_type=authorization_code
	errcode：缺少oauth_code
	errmsg：missing code, hints: [ req_id: bfMeFXyMe-AdRx5a ]

[[[ErrorJsonResultException]]]
[2019/09/26 11:04:24.1972]
[线程：17]
	ErrorJsonResultException
	AccessTokenOrAppId：null
	URL：https://api.weixin.qq.com/sns/jscode2session?appid=wxe32263538f30b739&secret=62fcb107099961689bab8b00fc6429f9&js_code=&grant_type=authorization_code
	errcode：缺少oauth_code
	errmsg：missing code, hints: [ req_id: cfMeY7aLRa-rK5w9a ]

[[[ErrorJsonResultException]]]
[2019/09/26 11:06:03.0596]
[线程：17]
	ErrorJsonResultException
	AccessTokenOrAppId：null
	URL：https://api.weixin.qq.com/sns/jscode2session?appid=wxe32263538f30b739&secret=62fcb107099961689bab8b00fc6429f9&js_code=&grant_type=authorization_code
	errcode：缺少oauth_code
	errmsg：missing code, hints: [ req_id: dfMeczXBe-AJS1iA ]

[[[ErrorJsonResultException]]]
[2019/09/26 11:07:14.6396]
[线程：17]
	ErrorJsonResultException
	AccessTokenOrAppId：null
	URL：https://api.weixin.qq.com/sns/jscode2session?appid=wxe32263538f30b739&secret=62fcb107099961689bab8b00fc6429f9&js_code=&grant_type=authorization_code
	errcode：缺少oauth_code
	errmsg：missing code, hints: [ req_id: DfMeRqaLRa-l0c0fa ]

[[[ErrorJsonResultException]]]
[2019/09/26 11:08:06.9939]
[线程：7]
	ErrorJsonResultException
	AccessTokenOrAppId：null
	URL：https://api.weixin.qq.com/sns/jscode2session?appid=wxe32263538f30b739&secret=62fcb107099961689bab8b00fc6429f9&js_code=&grant_type=authorization_code
	errcode：缺少oauth_code
	errmsg：missing code, hints: [ req_id: efMeqoXIRa-NhjlDA ]

[[[ErrorJsonResultException]]]
[2019/09/26 11:10:22.4239]
[线程：7]
	ErrorJsonResultException
	AccessTokenOrAppId：null
	URL：https://api.weixin.qq.com/sns/jscode2session?appid=wxe32263538f30b739&secret=62fcb107099961689bab8b00fc6429f9&js_code=&grant_type=authorization_code
	errcode：缺少oauth_code
	errmsg：missing code, hints: [ req_id: ffMeL8yFe-VbIgBA ]

[[[ErrorJsonResultException]]]
[2019/09/26 11:15:19.6053]
[线程：6]
	ErrorJsonResultException
	AccessTokenOrAppId：null
	URL：https://api.weixin.qq.com/sns/jscode2session?appid=wxe32263538f30b739&secret=62fcb107099961689bab8b00fc6429f9&js_code=&grant_type=authorization_code
	errcode：缺少oauth_code
	errmsg：missing code, hints: [ req_id: HfMeZRLnRa-Bsz68 ]

[[[ErrorJsonResultException]]]
[2019/09/26 11:18:48.8629]
[线程：10]
	ErrorJsonResultException
	AccessTokenOrAppId：null
	URL：https://api.weixin.qq.com/sns/jscode2session?appid=wxe32263538f30b739&secret=62fcb107099961689bab8b00fc6429f9&js_code=&grant_type=authorization_code
	errcode：缺少oauth_code
	errmsg：missing code, hints: [ req_id: JfMeTY4ce-.TT1JA ]

[[[ErrorJsonResultException]]]
[2019/09/26 11:19:23.3640]
[线程：6]
	ErrorJsonResultException
	AccessTokenOrAppId：null
	URL：https://api.weixin.qq.com/sns/jscode2session?appid=wxe32263538f30b739&secret=62fcb107099961689bab8b00fc6429f9&js_code=&grant_type=authorization_code
	errcode：缺少oauth_code
	errmsg：missing code, hints: [ req_id: JfMeS.wgE-XlHQBA ]

[[[ErrorJsonResultException]]]
[2019/09/26 11:19:49.9872]
[线程：6]
	ErrorJsonResultException
	AccessTokenOrAppId：null
	URL：https://api.weixin.qq.com/sns/jscode2session?appid=wxe32263538f30b739&secret=62fcb107099961689bab8b00fc6429f9&js_code=&grant_type=authorization_code
	errcode：缺少oauth_code
	errmsg：missing code, hints: [ req_id: kfMeh6yFe-Y5Np ]

[[[ErrorJsonResultException]]]
[2019/09/26 11:25:16.8668]
[线程：11]
	ErrorJsonResultException
	AccessTokenOrAppId：null
	URL：https://api.weixin.qq.com/sns/jscode2session?appid=wxe32263538f30b739&secret=62fcb107099961689bab8b00fc6429f9&js_code=&grant_type=authorization_code
	errcode：缺少oauth_code
	errmsg：missing code, hints: [ req_id: MfMeMfyFe-pgK4sa ]

[[[ErrorJsonResultException]]]
[2019/09/26 11:26:42.1873]
[线程：11]
	ErrorJsonResultException
	AccessTokenOrAppId：null
	URL：https://api.weixin.qq.com/sns/jscode2session?appid=wxe32263538f30b739&secret=62fcb107099961689bab8b00fc6429f9&js_code=&grant_type=authorization_code
	errcode：缺少oauth_code
	errmsg：missing code, hints: [ req_id: NfMeFXXBe-iB0ArA ]

[[[ErrorJsonResultException]]]
[2019/09/26 11:59:30.7779]
[线程：6]
	ErrorJsonResultException
	AccessTokenOrAppId：null
	URL：https://api.weixin.qq.com/sns/jscode2session?appid=wxe32263538f30b739&secret=62fcb107099961689bab8b00fc6429f9&js_code=&grant_type=authorization_code
	errcode：缺少oauth_code
	errmsg：missing code, hints: [ req_id: aFMeY7aLRa-a6jckA ]

